<html>
<head>
<title>TestNG:  Veirify Demo Site Features</title>
<link href="../testng.css" rel="stylesheet" type="text/css" />
<link href="../my-testng.css" rel="stylesheet" type="text/css" />

<style type="text/css">
.log { display: none;} 
.stack-trace { display: none;} 
</style>
<script type="text/javascript">
<!--
function flip(e) {
  current = e.style.display;
  if (current == 'block') {
    e.style.display = 'none';
    return 0;
  }
  else {
    e.style.display = 'block';
    return 1;
  }
}

function toggleBox(szDivId, elem, msg1, msg2)
{
  var res = -1;  if (document.getElementById) {
    res = flip(document.getElementById(szDivId));
  }
  else if (document.all) {
    // this is the way old msie versions work
    res = flip(document.all[szDivId]);
  }
  if(elem) {
    if(res == 0) elem.innerHTML = msg1; else elem.innerHTML = msg2;
  }

}

function toggleAllBoxes() {
  if (document.getElementsByTagName) {
    d = document.getElementsByTagName('div');
    for (i = 0; i < d.length; i++) {
      if (d[i].className == 'log') {
        flip(d[i]);
      }
    }
  }
}

// -->
</script>

</head>
<body>
<h2 align='center'>Veirify Demo Site Features</h2><table border='1' align="center">
<tr>
<td>Tests passed/Failed/Skipped:</td><td>0/1/0</td>
</tr><tr>
<<<<<<< HEAD
<td>Started on:</td><td>Mon Oct 08 19:45:08 IST 2018</td>
</tr>
<tr><td>Total time:</td><td>313 seconds (313249 ms)</td>
=======
<td>Started on:</td><td>Fri Sep 21 04:23:13 IST 2018</td>
</tr>
<tr><td>Total time:</td><td>288 seconds (288812 ms)</td>
>>>>>>> 0a5de481a227d2798a432f4ce122818c79374731
</tr><tr>
<td>Included groups:</td><td></td>
</tr><tr>
<td>Excluded groups:</td><td></td>
</tr>
</table><p/>
<small><i>(Hover the method name to see the test class name)</i></small><p/>
<table width='100%' border='1' class='invocation-failed'>
<tr><td colspan='4' align='center'><b>FAILED TESTS</b></td></tr>
<tr><td><b>Test method</b></td>
<td width="30%"><b>Exception</b></td>
<td width="10%"><b>Time (seconds)</b></td>
<td><b>Instance</b></td>
</tr>
<tr>
<<<<<<< HEAD
<td title='com.atdd.demo.runners.RunDemoTest.feature()'><b>feature</b><br>Test class: com.atdd.demo.runners.RunDemoTest<br>Test method: Runs Cucumber Feature<br>Parameters: Create Carrier,Account,Group and Member.Submit a claim such that it should be Paid and Paid messages are displayed.</td>
<td><div><pre>cucumber.runtime.CucumberException: java.lang.AssertionError: The text is not entered.Screenshot captured
	at cucumber.api.testng.TestNGCucumberRunner.runCucumber(TestNGCucumberRunner.java:69)
	at cucumber.api.testng.AbstractTestNGCucumberTests.feature(AbstractTestNGCucumberTests.java:21)
Caused by: java.lang.AssertionError: The text is not entered.Screenshot captured
	at com.atdd.te.screenHelpers.FunctionalLibrary.enterText(FunctionalLibrary.java:944)
	at com.atdd.demo.te.stepdefinitons.ClaimStatusAndMessage.i_add_messages_to_Paid_claim(ClaimStatusAndMessage.java:127)
	at ?.When I add messages to Paid claim &quot;8403&quot;,&quot;RCPDMP&quot;,&quot;TCL&quot;,&quot;20&quot;,&quot;1&quot;(features/RxClaim/SWATHI/SN003292/SN003292_TC02.feature:36)
... Removed 25 stack frames</pre></div><a href='#' onClick='toggleBox("stack-trace970890202", this, "Click to show all stack frames", "Click to hide stack frames")'>Click to show all stack frames</a>
<div class='stack-trace' id='stack-trace970890202'><pre>cucumber.runtime.CucumberException: java.lang.AssertionError: The text is not entered.Screenshot captured
=======
<td title='com.atdd.demo.runners.RunDemoTest.feature()'><b>feature</b><br>Test class: com.atdd.demo.runners.RunDemoTest<br>Test method: Runs Cucumber Feature<br>Parameters: Part D Update Manufacturer Discount and Biosimilar Coverage in Gap</td>
<td><div><pre>cucumber.runtime.CucumberException: java.lang.AssertionError: The text Date Thru cannot be more than one day less than Date From. does not match on the screen.Screenshot captured.
	at cucumber.api.testng.TestNGCucumberRunner.runCucumber(TestNGCucumberRunner.java:69)
	at cucumber.api.testng.AbstractTestNGCucumberTests.feature(AbstractTestNGCucumberTests.java:21)
Caused by: java.lang.AssertionError: The text Date Thru cannot be more than one day less than Date From. does not match on the screen.Screenshot captured.
	at com.optumrx.autofusion.core.te.util.Mainframe_GlobalFunctionLib.validateText(Mainframe_GlobalFunctionLib.java:231)
	at com.atdd.te.screenHelpers.FunctionalLibrary.validateText(FunctionalLibrary.java:1901)
	at com.atdd.demo.te.stepdefinitons.SR_41709.verify_Thru_Date_New_error_message_on_Plan_Biosimilar_Product_List_Create_Record_Detail_screen(SR_41709.java:935)
	at ?.Then Verify Thru Date New error message on Plan Biosimilar Product List Create Record Detail screen  &quot;10199&quot;,&quot;Date Thru cannot be more than one day less than Date From.&quot;(features/RxClaim/featureFiles/SR41709/SR41709_TC01-TC130.feature:691)
... Removed 25 stack frames</pre></div><a href='#' onClick='toggleBox("stack-trace1179830093", this, "Click to show all stack frames", "Click to hide stack frames")'>Click to show all stack frames</a>
<div class='stack-trace' id='stack-trace1179830093'><pre>cucumber.runtime.CucumberException: java.lang.AssertionError: The text Date Thru cannot be more than one day less than Date From. does not match on the screen.Screenshot captured.
>>>>>>> 0a5de481a227d2798a432f4ce122818c79374731
	at cucumber.api.testng.TestNGCucumberRunner.runCucumber(TestNGCucumberRunner.java:69)
	at cucumber.api.testng.AbstractTestNGCucumberTests.feature(AbstractTestNGCucumberTests.java:21)
	at sun.reflect.NativeMethodAccessorImpl.invoke0(Native Method)
	at sun.reflect.NativeMethodAccessorImpl.invoke(NativeMethodAccessorImpl.java:62)
	at sun.reflect.DelegatingMethodAccessorImpl.invoke(DelegatingMethodAccessorImpl.java:43)
	at java.lang.reflect.Method.invoke(Method.java:498)
	at org.testng.internal.MethodInvocationHelper.invokeMethod(MethodInvocationHelper.java:85)
	at org.testng.internal.Invoker.invokeMethod(Invoker.java:639)
	at org.testng.internal.Invoker.invokeTestMethod(Invoker.java:816)
	at org.testng.internal.Invoker.invokeTestMethods(Invoker.java:1124)
	at org.testng.internal.TestMethodWorker.invokeTestMethods(TestMethodWorker.java:125)
	at org.testng.internal.TestMethodWorker.run(TestMethodWorker.java:108)
	at org.testng.TestRunner.privateRun(TestRunner.java:774)
	at org.testng.TestRunner.run(TestRunner.java:624)
	at org.testng.SuiteRunner.runTest(SuiteRunner.java:359)
	at org.testng.SuiteRunner.runSequentially(SuiteRunner.java:354)
	at org.testng.SuiteRunner.privateRun(SuiteRunner.java:312)
	at org.testng.SuiteRunner.run(SuiteRunner.java:261)
	at org.testng.SuiteRunnerWorker.runSuite(SuiteRunnerWorker.java:52)
	at org.testng.SuiteRunnerWorker.run(SuiteRunnerWorker.java:86)
	at org.testng.TestNG.runSuitesSequentially(TestNG.java:1215)
	at org.testng.TestNG.runSuitesLocally(TestNG.java:1140)
	at org.testng.TestNG.run(TestNG.java:1048)
	at org.testng.remote.AbstractRemoteTestNG.run(AbstractRemoteTestNG.java:126)
	at org.testng.remote.RemoteTestNG.initAndRun(RemoteTestNG.java:137)
	at org.testng.remote.RemoteTestNG.main(RemoteTestNG.java:58)
<<<<<<< HEAD
Caused by: java.lang.AssertionError: The text is not entered.Screenshot captured
	at org.testng.Assert.fail(Assert.java:94)
	at com.atdd.te.screenHelpers.FunctionalLibrary.enterText(FunctionalLibrary.java:944)
	at com.atdd.demo.te.stepdefinitons.ClaimStatusAndMessage.i_add_messages_to_Paid_claim(ClaimStatusAndMessage.java:127)
	at ?.When I add messages to Paid claim &quot;8403&quot;,&quot;RCPDMP&quot;,&quot;TCL&quot;,&quot;20&quot;,&quot;1&quot;(features/RxClaim/SWATHI/SN003292/SN003292_TC02.feature:36)
</pre></div></td>
<td>220</td>
<td>com.atdd.demo.runners.RunDemoTest@55182842</td></tr>
=======
Caused by: java.lang.AssertionError: The text Date Thru cannot be more than one day less than Date From. does not match on the screen.Screenshot captured.
	at org.testng.Assert.fail(Assert.java:94)
	at com.optumrx.autofusion.core.te.util.Mainframe_GlobalFunctionLib.validateText(Mainframe_GlobalFunctionLib.java:231)
	at com.atdd.te.screenHelpers.FunctionalLibrary.validateText(FunctionalLibrary.java:1901)
	at com.atdd.demo.te.stepdefinitons.SR_41709.verify_Thru_Date_New_error_message_on_Plan_Biosimilar_Product_List_Create_Record_Detail_screen(SR_41709.java:935)
	at ?.Then Verify Thru Date New error message on Plan Biosimilar Product List Create Record Detail screen  &quot;10199&quot;,&quot;Date Thru cannot be more than one day less than Date From.&quot;(features/RxClaim/featureFiles/SR41709/SR41709_TC01-TC130.feature:691)
</pre></div></td>
<td>215</td>
<td>com.atdd.demo.runners.RunDemoTest@510f3d34</td></tr>
>>>>>>> 0a5de481a227d2798a432f4ce122818c79374731
</table><p>
</body>
</html>