<?xml version="1.0" encoding="UTF-8"?>
<testng-results skipped="0" failed="1" total="1" passed="0">
  <reporter-output>
  </reporter-output>
  <suite name="Testng Cucumber Suite" duration-ms="926951" started-at="2018-12-19T17:08:39Z" finished-at="2018-12-19T17:24:06Z">
    <groups>
      <group name="cucumber">
        <method signature="AbstractTestNGCucumberTests.feature(cucumber.api.testng.CucumberFeatureWrapper)[pri:0, instance:com.atdd.demo.runners.RunDemoTest@24269709]" name="feature" class="cucumber.api.testng.AbstractTestNGCucumberTests"/>
      </group> <!-- cucumber -->
    </groups>
    <test name="Veirify Demo Site Features" duration-ms="926951" started-at="2018-12-19T17:08:39Z" finished-at="2018-12-19T17:24:06Z">
      <class name="com.atdd.demo.runners.RunDemoTest">
        <test-method status="PASS" signature="setUpClass()[pri:0, instance:com.atdd.demo.runners.RunDemoTest@24269709]" name="setUpClass" is-config="true" duration-ms="9361" started-at="2018-12-19T22:38:39Z" finished-at="2018-12-19T22:38:48Z">
          <reporter-output>
          </reporter-output>
        </test-method> <!-- setUpClass -->
        <test-method status="PASS" signature="setup(java.lang.String, java.lang.String)[pri:0, instance:com.atdd.demo.runners.RunDemoTest@24269709]" name="setup" is-config="true" duration-ms="112321" started-at="2018-12-19T22:38:48Z" finished-at="2018-12-19T22:40:40Z">
          <params>
            <param index="0">
              <value>
                <![CDATA[src/test/resources/te/config_sxcd1.properties]]>
              </value>
            </param>
            <param index="1">
              <value>
                <![CDATA[Always]]>
              </value>
            </param>
          </params>
          <reporter-output>
          </reporter-output>
        </test-method> <!-- setup -->
        <test-method status="FAIL" signature="feature(cucumber.api.testng.CucumberFeatureWrapper)[pri:0, instance:com.atdd.demo.runners.RunDemoTest@24269709]" name="feature" duration-ms="795815" started-at="2018-12-19T22:40:40Z" description="Runs Cucumber Feature" data-provider="features" finished-at="2018-12-19T22:53:56Z">
          <params>
            <param index="0">
              <value>
                <![CDATA[Current Enrollee: Plan Check Negative Formulary �Q�, Product Negative Formulary Change �N� and PA TB �X�]]>
              </value>
            </param>
          </params>
          <exception class="cucumber.runtime.CucumberException">
            <message>
              <![CDATA[com.hp.lft.sdk.GeneralReplayException: Unspecified error
]]>
            </message>
            <full-stacktrace>
              <![CDATA[cucumber.runtime.CucumberException: com.hp.lft.sdk.GeneralReplayException: Unspecified error

	at cucumber.api.testng.TestNGCucumberRunner.runCucumber(TestNGCucumberRunner.java:69)
	at cucumber.api.testng.AbstractTestNGCucumberTests.feature(AbstractTestNGCucumberTests.java:21)
	at sun.reflect.NativeMethodAccessorImpl.invoke0(Native Method)
	at sun.reflect.NativeMethodAccessorImpl.invoke(NativeMethodAccessorImpl.java:62)
	at sun.reflect.DelegatingMethodAccessorImpl.invoke(DelegatingMethodAccessorImpl.java:43)
	at java.lang.reflect.Method.invoke(Method.java:498)
	at org.testng.internal.MethodInvocationHelper.invokeMethod(MethodInvocationHelper.java:85)
	at org.testng.internal.Invoker.invokeMethod(Invoker.java:639)
	at org.testng.internal.Invoker.invokeTestMethod(Invoker.java:816)
	at org.testng.internal.Invoker.invokeTestMethods(Invoker.java:1124)
	at org.testng.internal.TestMethodWorker.invokeTestMethods(TestMethodWorker.java:125)
	at org.testng.internal.TestMethodWorker.run(TestMethodWorker.java:108)
	at org.testng.TestRunner.privateRun(TestRunner.java:774)
	at org.testng.TestRunner.run(TestRunner.java:624)
	at org.testng.SuiteRunner.runTest(SuiteRunner.java:359)
	at org.testng.SuiteRunner.runSequentially(SuiteRunner.java:354)
	at org.testng.SuiteRunner.privateRun(SuiteRunner.java:312)
	at org.testng.SuiteRunner.run(SuiteRunner.java:261)
	at org.testng.SuiteRunnerWorker.runSuite(SuiteRunnerWorker.java:52)
	at org.testng.SuiteRunnerWorker.run(SuiteRunnerWorker.java:86)
	at org.testng.TestNG.runSuitesSequentially(TestNG.java:1215)
	at org.testng.TestNG.runSuitesLocally(TestNG.java:1140)
	at org.testng.TestNG.run(TestNG.java:1048)
	at org.testng.remote.AbstractRemoteTestNG.run(AbstractRemoteTestNG.java:126)
	at org.testng.remote.RemoteTestNG.initAndRun(RemoteTestNG.java:137)
	at org.testng.remote.RemoteTestNG.main(RemoteTestNG.java:58)
Caused by: com.hp.lft.sdk.GeneralReplayException: Unspecified error

	at com.hp.lft.sdk.internal.ReplayExceptionFactory$11.create(ReplayExceptionFactory.java:94)
	at com.hp.lft.sdk.internal.ReplayExceptionFactory.createOrDefault(ReplayExceptionFactory.java:192)
	at com.hp.lft.sdk.internal.ReplayExceptionFactory.createOrDefault(ReplayExceptionFactory.java:21)
	at com.hp.lft.sdk.internal.TestObjectExecuterBehaviorBase$ReplayErrorHandler.onError(TestObjectExecuterBehaviorBase.java:65)
	at com.hp.lft.sdk.internal.CommunicationClientImpl.handleError(CommunicationClientImpl.java:226)
	at com.hp.lft.sdk.internal.CommunicationClientImpl.send(CommunicationClientImpl.java:100)
	at com.hp.lft.sdk.internal.TestObjectExecuterBehavior.executeMethod(TestObjectExecuter.java:33)
	at com.hp.lft.sdk.internal.TestObjectBase.executeMethod(TestObjectBase.java:119)
	at com.hp.lft.sdk.internal.te.TeScreen.access$500(TeScreen.java:9)
	at com.hp.lft.sdk.internal.te.TeScreen$6.invoke(TeScreen.java:78)
	at com.hp.lft.sdk.internal.TestObjectOperationWrapper.executeWithEvents(TestObjectOperationWrapper.java:81)
	at com.hp.lft.sdk.internal.TestObjectOperationWrapper.executeWithEvents(TestObjectOperationWrapper.java:102)
	at com.hp.lft.sdk.internal.te.TeScreen.sendTEKeys(TeScreen.java:81)
	at com.optumrx.autofusion.core.te.util.Mainframe_GlobalFunctionLib.sendText(Mainframe_GlobalFunctionLib.java:154)
	at com.atdd.demo.te.stepdefinitions.helper.CommonStepDefinition.validate_PA_Number_and_TB_fields(CommonStepDefinition.java:569)
	at ✽.And Validate PA Number and TB fields "<PANumber>","<TBOverride>","<TBPriorDrugSts>","<TBRejectReason1>","<TBRejectReason2>","<TBRejectReason3>","<TBPlanEdit>","<TBPassPreQualifCheck>"(features/RxClaim/featureFiles/SN003419/SN003419_TC_01.feature:25)
]]>
            </full-stacktrace>
          </exception> <!-- cucumber.runtime.CucumberException -->
          <reporter-output>
          </reporter-output>
        </test-method> <!-- feature -->
        <test-method status="PASS" signature="teardown()[pri:0, instance:com.atdd.demo.runners.RunDemoTest@24269709]" name="teardown" is-config="true" duration-ms="5101" started-at="2018-12-19T22:53:56Z" finished-at="2018-12-19T22:54:01Z">
          <reporter-output>
          </reporter-output>
        </test-method> <!-- teardown -->
        <test-method status="PASS" signature="tearDownClass()[pri:0, instance:com.atdd.demo.runners.RunDemoTest@24269709]" name="tearDownClass" is-config="true" duration-ms="4135" started-at="2018-12-19T22:54:01Z" finished-at="2018-12-19T22:54:06Z">
          <reporter-output>
          </reporter-output>
        </test-method> <!-- tearDownClass -->
        <test-method status="PASS" signature="parser()[pri:0, instance:com.atdd.demo.runners.RunDemoTest@24269709]" name="parser" is-config="true" duration-ms="32621" started-at="2018-12-19T22:54:06Z" finished-at="2018-12-19T22:54:39Z">
          <reporter-output>
          </reporter-output>
        </test-method> <!-- parser -->
      </class> <!-- com.atdd.demo.runners.RunDemoTest -->
    </test> <!-- Veirify Demo Site Features -->
  </suite> <!-- Testng Cucumber Suite -->
</testng-results>
